2023-10-18 19:44:07,285 INFO  [org.jboss.modules] (main) JBoss Modules version 1.8.6.Final
2023-10-18 19:44:11,378 WARN  [org.jboss.as.server] (main) WFLYSRV0266: Server home is set to '.\lib\wildfly-14.0.1.Final\standalone', but server real home is 'D:\Documents\INSA\Cours\TechnoWeb\bloGame\projet-blogame\lib\wildfly-14.0.1.Final\standalone' - unpredictable results may occur.
2023-10-18 19:44:11,506 INFO  [org.jboss.msc] (main) JBoss MSC version 1.4.3.Final
2023-10-18 19:44:11,516 INFO  [org.jboss.threads] (main) JBoss Threads version 2.3.2.Final
2023-10-18 19:44:11,723 INFO  [org.jboss.as] (MSC service thread 1-1) WFLYSRV0049: WildFly Servlet 14.0.1.Final (WildFly Core 6.0.2.Final) starting
2023-10-18 19:44:11,723 DEBUG [org.jboss.as.config] (MSC service thread 1-1) Configured system properties:
	[Standalone] = 
	file.encoding = UTF-8
	file.separator = \
	java.awt.headless = true
	java.class.path = ./lib/wildfly-14.0.1.Final/jboss-modules.jar
	java.class.version = 62.0
	java.home = D:\Programmes Files\Java\jdk-18.0.2.1
	java.io.tmpdir = C:\Users\faber\AppData\Local\Temp\
	java.library.path = D:\Programmes Files\Java\jdk-18.0.2.1\bin;C:\WINDOWS\Sun\Java\bin;C:\WINDOWS\system32;C:\WINDOWS;D:\Programmes Files\Git\mingw64\bin;D:\Programmes Files\Git\usr\bin;C:\Users\faber\bin;C:\Program Files\Common Files\Oracle\Java\javapath;D:\Programmes Files\Java\jdk-18.0.2.1\bin;C:\Program Files\Java\jdk-15.0.2\bin;D:\Programmes Files\nodejs;C:\Program Files\dotnet;C:\Program Files (x86)\Microsoft Visual Studio\2017\BuildTools\VC\Tools\MSVC\14.16.27023\bin\Hostx64\x64;D:\Programmes Files\Git\usr\bin;D:\Programmes Files\Git\;C:\Windows\System32;C:\Windows\System32\WindowsPowerShell\v1.0;D:\Programmes Files\ffmpeg\bin;D:\Programmes Files\apache-maven-3.8.3\bin;C:\sqlite;D:\Programmes Files\flutter\bin;C:\Users\faber\AppData\Local\Programs\Python\Python310;D:\Prog\Python\projet-creator\dist;C:\Users\faber\AppData\Local\Pub\Cache\bin;D:\Programmes Files\nodejs;D:\Programmes Files\Java\jdk1.8.0_221\bin;C:\Program Files\dotnet\sdk\7.0.100;D:\Programmes Files\chromedriver;C:\Users\faber\AppData\Local\Programs\Python\Python310\Scripts;C:\Users\faber\AppData\Local\Programs\Python\Python310;C:\Users\faber\AppData\Local\Microsoft\WindowsApps;C:\Users\faber\AppData\Local\atom\bin;C:\Users\faber\AppData\Local\Microsoft\WindowsApps;C:\Users\faber\AppData\Local\Programs\Microsoft VS Code\bin;C:\Users\faber\AppData\Roaming;D:\Panda3D-1.10.8-x64\python;D:\Panda3D-1.10.8-x64\python\Scripts;D:\Panda3D-1.10.8-x64\bin;C:\Users\faber\AppData\Local\pip;D:\Programmes Files\apache-maven-3.8.3\bin;C:\Users\faber\AppData\Roaming\npm;D:\Programmes Files\JetBrains\IntelliJ IDEA Community Edition 2022.2.2\bin;C:\Users\faber\.dotnet\tools;D:\Programmes Files\chromedriver;.
	java.net.preferIPv4Stack = true
	java.runtime.name = Java(TM) SE Runtime Environment
	java.runtime.version = 18.0.2.1+1-1
	java.specification.name = Java Platform API Specification
	java.specification.vendor = Oracle Corporation
	java.specification.version = 18
	java.util.logging.manager = org.jboss.logmanager.LogManager
	java.vendor = Oracle Corporation
	java.vendor.url = https://java.oracle.com/
	java.vendor.url.bug = https://bugreport.java.com/bugreport/
	java.version = 18.0.2.1
	java.version.date = 2022-08-18
	java.vm.compressedOopsMode = 32-bit
	java.vm.info = mixed mode, sharing
	java.vm.name = Java HotSpot(TM) 64-Bit Server VM
	java.vm.specification.name = Java Virtual Machine Specification
	java.vm.specification.vendor = Oracle Corporation
	java.vm.specification.version = 18
	java.vm.vendor = Oracle Corporation
	java.vm.version = 18.0.2.1+1-1
	javax.management.builder.initial = org.jboss.as.jmx.PluggableMBeanServerBuilder
	jboss.home.dir = D:\Documents\INSA\Cours\TechnoWeb\bloGame\projet-blogame\.\lib\wildfly-14.0.1.Final
	jboss.host.name = pierrot-pc
	jboss.modules.dir = D:\Documents\INSA\Cours\TechnoWeb\bloGame\projet-blogame\.\lib\wildfly-14.0.1.Final\modules
	jboss.modules.system.pkgs = org.jboss.byteman
	jboss.node.name = pierrot-pc
	jboss.qualified.host.name = pierrot-pc
	jboss.server.base.dir = D:\Documents\INSA\Cours\TechnoWeb\bloGame\projet-blogame\lib\wildfly-14.0.1.Final\standalone
	jboss.server.config.dir = D:\Documents\INSA\Cours\TechnoWeb\bloGame\projet-blogame\lib\wildfly-14.0.1.Final\standalone\configuration
	jboss.server.data.dir = D:\Documents\INSA\Cours\TechnoWeb\bloGame\projet-blogame\lib\wildfly-14.0.1.Final\standalone\data
	jboss.server.deploy.dir = D:\Documents\INSA\Cours\TechnoWeb\bloGame\projet-blogame\lib\wildfly-14.0.1.Final\standalone\data\content
	jboss.server.log.dir = D:\Documents\INSA\Cours\TechnoWeb\bloGame\projet-blogame\lib\wildfly-14.0.1.Final\standalone\log
	jboss.server.name = pierrot-pc
	jboss.server.persist.config = true
	jboss.server.temp.dir = D:\Documents\INSA\Cours\TechnoWeb\bloGame\projet-blogame\lib\wildfly-14.0.1.Final\standalone\tmp
	jdk.debug = release
	line.separator = 

	logging.configuration = file:./lib/wildfly-14.0.1.Final/standalone/configuration/logging.properties
	module.path = ./lib/wildfly-14.0.1.Final/modules
	native.encoding = Cp1252
	org.jboss.boot.log.file = ./lib/wildfly-14.0.1.Final/standalone/log/server.log
	org.jboss.resolver.warning = true
	os.arch = amd64
	os.name = Windows 10
	os.version = 10.0
	path.separator = ;
	sun.arch.data.model = 64
	sun.boot.library.path = D:\Programmes Files\Java\jdk-18.0.2.1\bin
	sun.cpu.endian = little
	sun.cpu.isalist = amd64
	sun.io.unicode.encoding = UnicodeLittle
	sun.java.command = ./lib/wildfly-14.0.1.Final/jboss-modules.jar -mp ./lib/wildfly-14.0.1.Final/modules org.jboss.as.standalone -Djboss.home.dir=./lib/wildfly-14.0.1.Final -Djboss.server.base.dir=./lib/wildfly-14.0.1.Final/standalone
	sun.java.launcher = SUN_STANDARD
	sun.jnu.encoding = Cp1252
	sun.management.compiler = HotSpot 64-Bit Tiered Compilers
	sun.os.patch.level = 
	sun.stderr.encoding = cp850
	sun.stdout.encoding = cp850
	user.country = FR
	user.dir = D:\Documents\INSA\Cours\TechnoWeb\bloGame\projet-blogame
	user.home = C:\Users\faber
	user.language = fr
	user.name = faber
	user.script = 
	user.timezone = Europe/London
	user.variant = 
2023-10-18 19:44:11,725 DEBUG [org.jboss.as.config] (MSC service thread 1-1) VM Arguments: -D[Standalone] -Xms64m -Xmx512m -XX:MetaspaceSize=96M -XX:MaxMetaspaceSize=256m -Djava.net.preferIPv4Stack=true -Djboss.modules.system.pkgs=org.jboss.byteman -Djava.awt.headless=true --add-exports=java.base/sun.nio.ch=ALL-UNNAMED --add-exports=jdk.unsupported/sun.misc=ALL-UNNAMED --add-exports=jdk.unsupported/sun.reflect=ALL-UNNAMED --add-modules=java.se -Dorg.jboss.boot.log.file=./lib/wildfly-14.0.1.Final/standalone/log/server.log -Dlogging.configuration=file:./lib/wildfly-14.0.1.Final/standalone/configuration/logging.properties 
2023-10-18 19:44:13,735 INFO  [org.wildfly.security] (ServerService Thread Pool -- 9) ELY00001: WildFly Elytron version 1.6.0.Final
2023-10-18 19:44:16,372 INFO  [org.jboss.as.controller.management-deprecated] (Controller Boot Thread) WFLYCTL0028: Attribute 'security-realm' in the resource at address '/core-service=management/management-interface=http-interface' is deprecated, and may be removed in a future version. See the attribute description in the output of the read-resource-description operation to learn more about the deprecation.
2023-10-18 19:44:16,384 INFO  [org.jboss.as.controller.management-deprecated] (ServerService Thread Pool -- 2) WFLYCTL0028: Attribute 'security-realm' in the resource at address '/subsystem=undertow/server=default-server/https-listener=https' is deprecated, and may be removed in a future version. See the attribute description in the output of the read-resource-description operation to learn more about the deprecation.
2023-10-18 19:44:16,781 INFO  [org.jboss.as.repository] (ServerService Thread Pool -- 6) WFLYDR0001: Content added at location D:\Documents\INSA\Cours\TechnoWeb\bloGame\projet-blogame\lib\wildfly-14.0.1.Final\standalone\data\content\b1\30afe94baea781496ca69d3f22a7c09aa700bb\content
2023-10-18 19:44:17,268 INFO  [org.jboss.as.server] (Controller Boot Thread) WFLYSRV0039: Creating http management service using socket-binding (management-http)
2023-10-18 19:44:17,324 INFO  [org.xnio] (MSC service thread 1-2) XNIO version 3.6.5.Final
2023-10-18 19:44:17,349 INFO  [org.xnio.nio] (MSC service thread 1-2) XNIO NIO Implementation Version 3.6.5.Final
2023-10-18 19:44:17,544 INFO  [org.jboss.as.security] (ServerService Thread Pool -- 23) WFLYSEC0002: Activating Security Subsystem
2023-10-18 19:44:17,559 INFO  [org.jboss.as.naming] (ServerService Thread Pool -- 21) WFLYNAM0001: Activating Naming Subsystem
2023-10-18 19:44:17,602 INFO  [org.jboss.as.security] (MSC service thread 1-4) WFLYSEC0001: Current PicketBox version=5.0.3.Final
2023-10-18 19:44:17,824 INFO  [org.wildfly.extension.io] (ServerService Thread Pool -- 19) WFLYIO001: Worker 'default' has auto-configured to 24 core threads with 192 task threads based on your 12 available processors
2023-10-18 19:44:17,837 INFO  [org.jboss.as.naming] (MSC service thread 1-7) WFLYNAM0003: Starting Naming Service
2023-10-18 19:44:17,850 INFO  [org.wildfly.extension.undertow] (MSC service thread 1-4) WFLYUT0003: Undertow 2.0.13.Final starting
2023-10-18 19:44:18,041 INFO  [org.jboss.remoting] (MSC service thread 1-4) JBoss Remoting version 5.0.8.Final
2023-10-18 19:44:18,069 INFO  [org.wildfly.extension.undertow] (ServerService Thread Pool -- 25) WFLYUT0014: Creating file handler for path 'D:\Documents\INSA\Cours\TechnoWeb\bloGame\projet-blogame\.\lib\wildfly-14.0.1.Final/welcome-content' with options [directory-listing: 'false', follow-symlink: 'false', case-sensitive: 'true', safe-symlink-paths: '[]']
2023-10-18 19:44:18,107 INFO  [org.wildfly.extension.undertow] (MSC service thread 1-2) WFLYUT0012: Started server default-server.
2023-10-18 19:44:18,108 INFO  [org.wildfly.extension.undertow] (MSC service thread 1-4) WFLYUT0018: Host default-host starting
2023-10-18 19:44:18,177 INFO  [org.wildfly.extension.undertow] (MSC service thread 1-3) WFLYUT0006: Undertow HTTP listener default listening on 127.0.0.1:8082
2023-10-18 19:44:18,632 WARN  [org.jboss.as.domain.management.security] (MSC service thread 1-1) WFLYDM0111: Keystore D:\Documents\INSA\Cours\TechnoWeb\bloGame\projet-blogame\lib\wildfly-14.0.1.Final\standalone\configuration\application.keystore not found, it will be auto generated on first use with a self signed certificate for host localhost
2023-10-18 19:44:18,632 INFO  [org.jboss.as.patching] (MSC service thread 1-4) WFLYPAT0050: WildFly Servlet cumulative patch ID is: base, one-off patches include: none
2023-10-18 19:44:18,633 INFO  [org.jboss.as.server.deployment.scanner] (MSC service thread 1-1) WFLYDS0013: Started FileSystemDeploymentService for directory D:\Documents\INSA\Cours\TechnoWeb\bloGame\projet-blogame\lib\wildfly-14.0.1.Final\standalone\deployments
2023-10-18 19:44:18,669 WARN  [org.jboss.as.domain.http.api.undertow] (MSC service thread 1-8) WFLYDMHTTP0003: Unable to load console module for slot main, disabling console
2023-10-18 19:44:18,842 INFO  [org.jboss.as.server.deployment] (MSC service thread 1-7) WFLYSRV0027: Starting deployment of "BloGame.war" (runtime-name: "BloGame.war")
2023-10-18 19:44:18,842 INFO  [org.jboss.as.server.deployment] (MSC service thread 1-6) WFLYSRV0027: Starting deployment of "ServicesVue.war" (runtime-name: "ServicesVue.war")
2023-10-18 19:44:19,858 INFO  [org.wildfly.extension.undertow] (MSC service thread 1-2) WFLYUT0006: Undertow HTTPS listener https listening on 127.0.0.1:8443
2023-10-18 19:44:20,977 WARN  [org.jboss.as.ee] (MSC service thread 1-4) WFLYEE0007: Not installing optional component Messages due to an exception (enable DEBUG log level to see the cause)
2023-10-18 19:44:20,977 WARN  [org.jboss.as.ee] (MSC service thread 1-2) WFLYEE0007: Not installing optional component Messages due to an exception (enable DEBUG log level to see the cause)
2023-10-18 19:44:20,978 WARN  [org.jboss.as.ee] (MSC service thread 1-4) WFLYEE0007: Not installing optional component javax.servlet.jsp.jstl.tlv.PermittedTaglibsTLV due to an exception (enable DEBUG log level to see the cause)
2023-10-18 19:44:20,981 WARN  [org.jboss.as.ee] (MSC service thread 1-2) WFLYEE0007: Not installing optional component javax.servlet.jsp.jstl.tlv.PermittedTaglibsTLV due to an exception (enable DEBUG log level to see the cause)
2023-10-18 19:44:20,985 WARN  [org.jboss.as.ee] (MSC service thread 1-4) WFLYEE0007: Not installing optional component javax.servlet.jsp.jstl.tlv.ScriptFreeTLV due to an exception (enable DEBUG log level to see the cause)
2023-10-18 19:44:20,986 WARN  [org.jboss.as.ee] (MSC service thread 1-2) WFLYEE0007: Not installing optional component javax.servlet.jsp.jstl.tlv.ScriptFreeTLV due to an exception (enable DEBUG log level to see the cause)
2023-10-18 19:44:20,986 WARN  [org.jboss.as.ee] (MSC service thread 1-4) WFLYEE0007: Not installing optional component AntiCheatServlet due to an exception (enable DEBUG log level to see the cause)
2023-10-18 19:44:20,987 WARN  [org.jboss.as.ee] (MSC service thread 1-2) WFLYEE0007: Not installing optional component AntiCheatServlet due to an exception (enable DEBUG log level to see the cause)
2023-10-18 19:44:20,987 WARN  [org.jboss.as.ee] (MSC service thread 1-4) WFLYEE0007: Not installing optional component CompteServlet due to an exception (enable DEBUG log level to see the cause)
2023-10-18 19:44:20,990 WARN  [org.jboss.as.ee] (MSC service thread 1-2) WFLYEE0007: Not installing optional component CompteServlet due to an exception (enable DEBUG log level to see the cause)
2023-10-18 19:44:21,376 INFO  [org.wildfly.extension.undertow] (ServerService Thread Pool -- 27) WFLYUT0021: Registered web context: '/ServicesVue' for server 'default-server'
2023-10-18 19:44:21,376 INFO  [org.wildfly.extension.undertow] (ServerService Thread Pool -- 26) WFLYUT0021: Registered web context: '/BloGame' for server 'default-server'
2023-10-18 19:44:21,662 INFO  [org.jboss.as.server] (ServerService Thread Pool -- 16) WFLYSRV0010: Deployed "ServicesVue.war" (runtime-name : "ServicesVue.war")
2023-10-18 19:44:21,666 INFO  [org.jboss.as.server] (ServerService Thread Pool -- 16) WFLYSRV0010: Deployed "BloGame.war" (runtime-name : "BloGame.war")
2023-10-18 19:44:22,018 INFO  [org.jboss.as.server] (Controller Boot Thread) WFLYSRV0212: Resuming server
2023-10-18 19:44:22,019 INFO  [org.jboss.as] (Controller Boot Thread) WFLYSRV0060: Http management interface listening on http://127.0.0.1:9990/management
2023-10-18 19:44:22,019 INFO  [org.jboss.as] (Controller Boot Thread) WFLYSRV0051: Admin console listening on http://127.0.0.1:9990
2023-10-18 19:44:22,023 INFO  [org.jboss.as] (Controller Boot Thread) WFLYSRV0025: WildFly Servlet 14.0.1.Final (WildFly Core 6.0.2.Final) started in 18222ms - Started 224 of 228 services (44 services are lazy, passive or on-demand)
2023-10-18 19:48:00,464 WARN  [org.jboss.as.domain.management.security] (default I/O-22) WFLYDM0113: Generated self signed certificate at D:\Documents\INSA\Cours\TechnoWeb\bloGame\projet-blogame\lib\wildfly-14.0.1.Final\standalone\configuration\application.keystore. Please note that self signed certificates are not secure, and should only be used for testing purposes. Do not use this self signed certificate in production.
SHA-1 fingerprint of the generated key is bf:dd:04:f3:54:a7:49:af:04:3d:07:45:74:43:9d:7b:0c:b3:7d:e4
SHA-256 fingerprint of the generated key is 12:3c:52:a0:fc:ad:5a:fe:7e:f7:bd:51:78:a8:06:03:c0:09:49:3e:88:15:db:d6:34:29:2d:d2:ff:9b:c8:99
2023-10-18 19:48:49,198 INFO  [stdout] (default task-1) 
2023-10-18 19:48:49,198 INFO  [stdout] (default task-1) 
2023-10-18 19:48:49,201 INFO  [stdout] (default task-1) init!
2023-10-18 19:49:02,793 INFO  [stdout] (default task-1) Connexion à la base de donnees D:/Documents/INSA/Cours/TechnoWeb/bloGame/projet-blogame/bd/Blogame.db reussie !
2023-10-18 19:49:02,799 INFO  [stdout] (default task-1) a665a45920422f9d417e4867efdc4fb8a04a1f3fff1fa07e998e86f7f7a27ae3
2023-10-18 19:49:02,978 INFO  [stdout] (default task-1) Connexion à la base de donnees D:/Documents/INSA/Cours/TechnoWeb/bloGame/projet-blogame/bd/Blogame.db reussie !
2023-10-18 19:49:03,062 INFO  [stdout] (default task-1) Connexion à la base de donnees D:/Documents/INSA/Cours/TechnoWeb/bloGame/projet-blogame/bd/Blogame.db reussie !
2023-10-18 19:49:03,146 INFO  [stdout] (default task-1) 
2023-10-18 19:49:03,147 INFO  [stdout] (default task-1) Error creation compte: PAS_D_ERREUR
2023-10-18 19:49:03,151 INFO  [stdout] (default task-1) Connexion à la base de donnees D:/Documents/INSA/Cours/TechnoWeb/bloGame/projet-blogame/bd/Blogame.db reussie !
2023-10-18 19:49:43,474 INFO  [stdout] (default task-2) {"owner": "Pierrot"}
2023-10-18 19:50:31,511 INFO  [stdout] (default task-2) {"name":"Monde de l'administrateur","owner":"admin"}
2023-10-18 19:50:31,513 INFO  [stdout] (default task-2) Connexion à la base de donnees D:/Documents/INSA/Cours/TechnoWeb/bloGame/projet-blogame/bd/Blogame.db reussie !
2023-10-18 19:50:31,562 INFO  [stdout] (default task-2) {"name":"Monde de l'administrateur","owner":"admin"}
2023-10-18 19:51:18,803 INFO  [stdout] (default task-2) {"owner": "Pierrot"}
2023-10-18 19:52:25,680 INFO  [stdout] (default task-1) {"owner": "Pierrot"}
2023-10-18 19:54:12,406 INFO  [org.jboss.as.repository] (ServerService Thread Pool -- 15) WFLYDR0009: Content D:\Documents\INSA\Cours\TechnoWeb\bloGame\projet-blogame\lib\wildfly-14.0.1.Final\standalone\data\content\3c\e6b52f52d4690cb6bf3f307c9c48ec75657702 is obsolete and will be removed
2023-10-18 19:54:12,537 INFO  [org.jboss.as.repository] (ServerService Thread Pool -- 15) WFLYDR0002: Content removed from location D:\Documents\INSA\Cours\TechnoWeb\bloGame\projet-blogame\lib\wildfly-14.0.1.Final\standalone\data\content\3c\e6b52f52d4690cb6bf3f307c9c48ec75657702\content
2023-10-18 20:01:43,729 INFO  [org.jboss.as.server] (Thread-1) WFLYSRV0236: Suspending server with no timeout.
2023-10-18 20:01:43,731 INFO  [org.jboss.as.server] (Thread-1) WFLYSRV0220: Server shutdown has been requested via an OS signal
2023-10-18 20:01:43,750 INFO  [org.wildfly.extension.undertow] (MSC service thread 1-2) WFLYUT0008: Undertow HTTPS listener https suspending
2023-10-18 20:01:43,750 INFO  [org.wildfly.extension.undertow] (MSC service thread 1-5) WFLYUT0008: Undertow HTTP listener default suspending
2023-10-18 20:01:43,751 INFO  [org.wildfly.extension.undertow] (ServerService Thread Pool -- 6) WFLYUT0022: Unregistered web context: '/BloGame' from server 'default-server'
2023-10-18 20:01:43,751 INFO  [org.wildfly.extension.undertow] (ServerService Thread Pool -- 30) WFLYUT0022: Unregistered web context: '/ServicesVue' from server 'default-server'
2023-10-18 20:01:43,752 INFO  [org.wildfly.extension.undertow] (MSC service thread 1-2) WFLYUT0007: Undertow HTTPS listener https stopped, was bound to 127.0.0.1:8443
2023-10-18 20:01:43,752 INFO  [org.wildfly.extension.undertow] (MSC service thread 1-5) WFLYUT0007: Undertow HTTP listener default stopped, was bound to 127.0.0.1:8082
2023-10-18 20:01:44,003 INFO  [org.wildfly.extension.undertow] (MSC service thread 1-7) WFLYUT0019: Host default-host stopping
2023-10-18 20:01:44,004 INFO  [org.wildfly.extension.undertow] (MSC service thread 1-1) WFLYUT0004: Undertow 2.0.13.Final stopping
2023-10-18 20:01:44,081 INFO  [org.jboss.as.server.deployment] (MSC service thread 1-7) WFLYSRV0028: Stopped deployment BloGame.war (runtime-name: BloGame.war) in 334ms
2023-10-18 20:01:44,081 INFO  [org.jboss.as.server.deployment] (MSC service thread 1-2) WFLYSRV0028: Stopped deployment ServicesVue.war (runtime-name: ServicesVue.war) in 334ms
2023-10-18 20:01:44,091 INFO  [org.jboss.as] (MSC service thread 1-3) WFLYSRV0050: WildFly Servlet 14.0.1.Final (WildFly Core 6.0.2.Final) stopped in 344ms
